<?xml version="1.0" encoding="UTF-8" ?>
<testsuite tests="1" failures="1" name="uk.co.rpl.test.pdf.reader.TollerisableMapTest" time="0.167" errors="0" skipped="0">
  <properties>
[...]
</properties>
  <testcase classname="uk.co.rpl.test.pdf.reader.TollerisableMapTest" name="testGetNumericOverlappingSequences" time="0.095">
    <failure message="expected:&lt;2&gt; but was:&lt;1&gt;" type="java.lang.AssertionError">java.lang.AssertionError: expected:&lt;2&gt; but was:&lt;1&gt;
	at org.junit.Assert.fail(Assert.java:88)
	at org.junit.Assert.failNotEquals(Assert.java:743)
	at org.junit.Assert.assertEquals(Assert.java:118)
	at org.junit.Assert.assertEquals(Assert.java:555)
	at org.junit.Assert.assertEquals(Assert.java:542)
	at uk.co.rpl.test.pdf.reader.TollerisableMapTest.testGetNumericOverlappingSequences(TollerisableMapTest.java:251)
	at sun.reflect.NativeMethodAccessorImpl.invoke0(Native Method)
	at sun.reflect.NativeMethodAccessorImpl.invoke(NativeMethodAccessorImpl.java:62)
	at sun.reflect.DelegatingMethodAccessorImpl.invoke(DelegatingMethodAccessorImpl.java:43)
	at java.lang.reflect.Method.invoke(Method.java:483)
	at org.junit.runners.model.FrameworkMethod$1.runReflectiveCall(FrameworkMethod.java:47)
	at org.junit.internal.runners.model.ReflectiveCallable.run(ReflectiveCallable.java:12)
	at org.junit.runners.model.FrameworkMethod.invokeExplosively(FrameworkMethod.java:44)
	at org.junit.internal.runners.statements.InvokeMethod.evaluate(InvokeMethod.java:17)
	at org.junit.internal.runners.statements.RunBefores.evaluate(RunBefores.java:26)
	at org.junit.internal.runners.statements.RunAfters.evaluate(RunAfters.java:27)
	at org.junit.runners.ParentRunner.runLeaf(ParentRunner.java:271)
	at org.junit.runners.BlockJUnit4ClassRunner.runChild(BlockJUnit4ClassRunner.java:70)
	at org.junit.runners.BlockJUnit4ClassRunner.runChild(BlockJUnit4ClassRunner.java:50)
	at org.junit.runners.ParentRunner$3.run(ParentRunner.java:238)
	at org.junit.runners.ParentRunner$1.schedule(ParentRunner.java:63)
	at org.junit.runners.ParentRunner.runChildren(ParentRunner.java:236)
	at org.junit.runners.ParentRunner.access$000(ParentRunner.java:53)
	at org.junit.runners.ParentRunner$2.evaluate(ParentRunner.java:229)
	at org.junit.internal.runners.statements.RunBefores.evaluate(RunBefores.java:26)
	at org.junit.internal.runners.statements.RunAfters.evaluate(RunAfters.java:27)
	at org.junit.runners.ParentRunner.run(ParentRunner.java:309)
	at org.apache.maven.surefire.junit4.JUnit4TestSet.execute(JUnit4TestSet.java:45)
	at org.apache.maven.surefire.junit4.JUnit4Provider.executeTestSet(JUnit4Provider.java:123)
	at org.apache.maven.surefire.junit4.JUnit4Provider.invoke(JUnit4Provider.java:104)
	at sun.reflect.NativeMethodAccessorImpl.invoke0(Native Method)
	at sun.reflect.NativeMethodAccessorImpl.invoke(NativeMethodAccessorImpl.java:62)
	at sun.reflect.DelegatingMethodAccessorImpl.invoke(DelegatingMethodAccessorImpl.java:43)
	at java.lang.reflect.Method.invoke(Method.java:483)
	at org.apache.maven.surefire.util.ReflectionUtils.invokeMethodWithArray(ReflectionUtils.java:164)
	at org.apache.maven.surefire.booter.ProviderFactory$ProviderProxy.invoke(ProviderFactory.java:110)
	at org.apache.maven.surefire.booter.SurefireStarter.invokeProvider(SurefireStarter.java:175)
	at org.apache.maven.surefire.booter.SurefireStarter.runSuitesInProcessWhenForked(SurefireStarter.java:107)
	at org.apache.maven.surefire.booter.ForkedBooter.main(ForkedBooter.java:68)
</failure>
    <system-out>TEXT AAA
TEXT BBB
NUMBER 999
NUMBER 888
TEXT XAAA
TEXT XBBB
TEXT X999
TEXT X888
TEXT YAAA
TEXT YBBB
TEXT Y999
TEXT Y888
NUMBER 999
NUMBER 888
NUMBER 777
NUMBER 666
getNumericOverlappingSequences
base axis is 200.0 orth 450.0
Creating 200.0
Maps size now 1
get min
get min
get width
get bot
get bot
get height
Map size now 1
base axis is 100.0 orth 200.0
Creating 100.0
Maps size now 2
get min
get min
get width
get bot
get bot
get height
Map size now 1
base axis is 100.0 orth 400.0
get min
get min
get width
get bot
get bot
get height
get bot
get height
Map size now 2
base axis is 100.0 orth 100.0
get min
get min
get width
get bot
get bot
get bot
get height
Map size now 3
base axis is 200.0 orth 250.0
get min
get min
get width
get bot
get bot
get bot
get height
Map size now 2
base axis is 200.0 orth 350.0
get min
get min
get width
get bot
get bot
get height
Map size now 3
base axis is 100.0 orth 300.0
get min
get min
get width
get bot
get bot
get height
Map size now 4
base axis is 200.0 orth 550.0
get min
get min
get width
get bot
get bot
get height
get bot
get height
Map size now 4
base axis is 130.0 orth 105.0
Creating 130.0
Maps size now 3
get min
get min
get width
get bot
get bot
get height
Map size now 1
base axis is 160.0 orth 215.0
Creating 160.0
Maps size now 4
get min
get min
get width
get bot
get bot
get height
Map size now 1
base axis is 160.0 orth 415.0
get min
get min
get width
get bot
get bot
get height
get bot
get height
Map size now 2
base axis is 160.0 orth 115.0
get min
get min
get width
get bot
get bot
get bot
get height
Map size now 3
base axis is 130.0 orth 305.0
get min
get min
get width
get bot
get bot
get height
get bot
get height
Map size now 2
base axis is 130.0 orth 405.0
get min
get min
get width
get bot
get bot
get height
get bot
get height
Map size now 3
base axis is 160.0 orth 315.0
get min
get min
get width
get bot
get bot
get height
Map size now 4
base axis is 130.0 orth 205.0
get min
get min
get width
get bot
get bot
get height
Map size now 4
get min
get min
get width
get bot
get bot
get height
Adding as Number 999
get min
get min
get width
get bot
get bot
get height
get bot
get height
Adding as Number 888
Got numeric Sequence{min=100.0, max=150.0, low=300.0, high=450.0, newMap={300.0=DisplayedField{x=100.0, y=300.0, width=50.0, height=50.0, type=NUMBER, data=999}, 400.0=DisplayedField{x=100.0, y=400.0, width=50.0, height=50.0, type=NUMBER, data=888}}}
Got numeric Sequence{min=null, max=null, low=null, high=null, newMap={}}
Got numeric Sequence{min=null, max=null, low=null, high=null, newMap={}}
get min
get min
get width
get bot
get bot
get height
Adding as Number 999
get min
get min
get width
get bot
get bot
get height
get bot
get height
Adding as Number 888
get min
get min
get width
get bot
get bot
get height
get bot
get height
Adding as Number 777
get min
get min
get width
get bot
get bot
get height
get bot
get height
Adding as Number 666
Got numeric Sequence{min=200.0, max=250.0, low=250.0, high=600.0, newMap={250.0=DisplayedField{x=200.0, y=250.0, width=50.0, height=50.0, type=NUMBER, data=999}, 350.0=DisplayedField{x=200.0, y=350.0, width=50.0, height=50.0, type=NUMBER, data=888}, 450.0=DisplayedField{x=200.0, y=450.0, width=50.0, height=50.0, type=NUMBER, data=777}, 550.0=DisplayedField{x=200.0, y=550.0, width=50.0, height=50.0, type=NUMBER, data=666}}}
get min
get min
get width
get bot
get bot
get height
Adding as Number 999
get min
get min
get width
get bot
get bot
get height
get bot
get height
Adding as Number 888
Got numeric Sequence{min=100.0, max=150.0, low=300.0, high=450.0, newMap={300.0=DisplayedField{x=100.0, y=300.0, width=50.0, height=50.0, type=NUMBER, data=999}, 400.0=DisplayedField{x=100.0, y=400.0, width=50.0, height=50.0, type=NUMBER, data=888}}}
Got numeric Sequence{min=null, max=null, low=null, high=null, newMap={}}
Got numeric Sequence{min=null, max=null, low=null, high=null, newMap={}}
get min
get min
get width
get bot
get bot
get height
Adding as Number 999
get min
get min
get width
get bot
get bot
get height
get bot
get height
Adding as Number 888
get min
get min
get width
get bot
get bot
get height
get bot
get height
Adding as Number 777
get min
get min
get width
get bot
get bot
get height
get bot
get height
Adding as Number 666
Got numeric Sequence{min=200.0, max=250.0, low=250.0, high=600.0, newMap={250.0=DisplayedField{x=200.0, y=250.0, width=50.0, height=50.0, type=NUMBER, data=999}, 350.0=DisplayedField{x=200.0, y=350.0, width=50.0, height=50.0, type=NUMBER, data=888}, 450.0=DisplayedField{x=200.0, y=450.0, width=50.0, height=50.0, type=NUMBER, data=777}, 550.0=DisplayedField{x=200.0, y=550.0, width=50.0, height=50.0, type=NUMBER, data=666}}}
get min
get min
get width
get bot
get bot
get height
Adding as Number 999
get min
get min
get width
get bot
get bot
get height
get bot
get height
Adding as Number 888
Got numeric Sequence{min=100.0, max=150.0, low=300.0, high=450.0, newMap={300.0=DisplayedField{x=100.0, y=300.0, width=50.0, height=50.0, type=NUMBER, data=999}, 400.0=DisplayedField{x=100.0, y=400.0, width=50.0, height=50.0, type=NUMBER, data=888}}}
Got numeric Sequence{min=null, max=null, low=null, high=null, newMap={}}
Got numeric Sequence{min=null, max=null, low=null, high=null, newMap={}}
get min
get min
get width
get bot
get bot
get height
Adding as Number 999
get min
get min
get width
get bot
get bot
get height
get bot
get height
Adding as Number 888
get min
get min
get width
get bot
get bot
get height
get bot
get height
Adding as Number 777
get min
get min
get width
get bot
get bot
get height
get bot
get height
Adding as Number 666
Got numeric Sequence{min=200.0, max=250.0, low=250.0, high=600.0, newMap={250.0=DisplayedField{x=200.0, y=250.0, width=50.0, height=50.0, type=NUMBER, data=999}, 350.0=DisplayedField{x=200.0, y=350.0, width=50.0, height=50.0, type=NUMBER, data=888}, 450.0=DisplayedField{x=200.0, y=450.0, width=50.0, height=50.0, type=NUMBER, data=777}, 550.0=DisplayedField{x=200.0, y=550.0, width=50.0, height=50.0, type=NUMBER, data=666}}}
-----&gt; IN tidy
No of sequences = 4
Existing seq null to null
     New seq 100.0 to 150.0
  Tollerance 10.0
Generating new
Merging 4 entries
get min
get min
get width
get bot
get bot
get height
get min
get min
get width
get bot
get bot
get height
get bot
get height
get min
get min
get width
get bot
get bot
get height
get bot
get height
get min
get min
get width
get bot
get bot
get height
get bot
get height
Merged to have  4 entries
Existing seq 100.0 to 150.0
     New seq 130.0 to 180.0
  Tollerance 10.0
Not generated new
Merging 4 entries
get min
get min
get width
get min
get width
get bot
get bot
get height
get min
get min
get width
get bot
get bot
get height
get min
get min
get width
get bot
get bot
get height
get min
get min
get width
get bot
get bot
get height
get bot
get height
Merged to have  8 entries
Existing seq 100.0 to 180.0
     New seq 160.0 to 210.0
  Tollerance 10.0
Not generated new
Merging 4 entries
get min
get min
get width
get min
get width
get bot
get bot
get height
get min
get min
get width
get bot
get bot
get height
get min
get min
get width
get bot
get bot
get height
get min
get min
get width
get bot
get bot
get height
get bot
get height
Merged to have  12 entries
Existing seq 100.0 to 210.0
     New seq 200.0 to 250.0
  Tollerance 10.0
Not generated new
Merging 4 entries
get min
get min
get width
get min
get width
get bot
get bot
get height
get min
get min
get width
get bot
get bot
get height
get min
get min
get width
get bot
get bot
get height
get bot
get height
get min
get min
get width
get bot
get bot
get height
get bot
get height
Merged to have  16 entries
get min
get min
get width
get bot
get bot
get height
Adding as Number 999
get min
get min
get min
get width
get bot
get bot
get height
get bot
get height
Adding as Number 999
get min
get min
get width
get bot
get bot
get height
get bot
get height
Adding as Number 888
get min
get min
get width
get bot
get bot
get height
get bot
get height
Adding as Number 888
get min
get min
get width
get bot
get bot
get height
get bot
get height
Adding as Number 777
get min
get min
get width
get bot
get bot
get height
get bot
get height
Adding as Number 666
Got numeric Sequence{min=100.0, max=250.0, low=250.0, high=600.0, newMap={250.0=DisplayedField{x=200.0, y=250.0, width=50.0, height=50.0, type=NUMBER, data=999}, 300.0=DisplayedField{x=100.0, y=300.0, width=50.0, height=50.0, type=NUMBER, data=999}, 350.0=DisplayedField{x=200.0, y=350.0, width=50.0, height=50.0, type=NUMBER, data=888}, 400.0=DisplayedField{x=100.0, y=400.0, width=50.0, height=50.0, type=NUMBER, data=888}, 450.0=DisplayedField{x=200.0, y=450.0, width=50.0, height=50.0, type=NUMBER, data=777}, 550.0=DisplayedField{x=200.0, y=550.0, width=50.0, height=50.0, type=NUMBER, data=666}}}
</system-out>
  </testcase>
</testsuite>